0:100  0:100  MemLog inited, TSC freq: 3192441160
0:100  0:000  CPU was calibrated with RTC
0:100  0:000  
0:100  0:000  Now is 21.06.2020,  14:15:50 (GMT)
0:100  0:000  Starting Clover revision: 5107 (master, commit a3f3053c3) on American Megatrends EFI
0:100  0:000  Build with: [Args: -D NO_GRUB_DRIVERS_EMBEDDED -t GCC53 | -D NO_GRUB_DRIVERS_EMBEDDED --conf=/Users/sergey/src/CloverHackyColor/Conf -D USE_LOW_EBDA -a X64 -b RELEASE -t GCC53 -n 5 | OS: 10.14.6]
0:100  0:000  SelfDevicePath=PciRoot(0x0)\Pci(0x1B,0x0)\Pci(0x0,0x0)\NVMe(0x1,0E-7B-92-44-8B-44-1B-00)\HD(1,GPT,A398427F-7A8A-4B90-98CB-89CBEC1EA1AE,0x1000,0x96000) @74482498
0:100  0:000  SelfDirPath = \EFI\CLOVER
0:100  0:000  Clover : Image base = 0x6E44D000
0:566  0:466  SimpleTextEx Status=Success
0:566  0:000  === [ Get Smbios ] ==============================
0:566  0:000  Type 16 Index = 0
0:566  0:000  Total Memory Slots Count = 4
0:566  0:000  Type 17 Index = 0
0:566  0:000  Ignoring insane frequency value 0MHz
0:566  0:000  SmbiosTable.Type17->Speed = 0MHz
0:566  0:000  SmbiosTable.Type17->Size = 0MB
0:566  0:000  SmbiosTable.Type17->Bank/Device = BANK 0 ChannelA-DIMM0
0:566  0:000  SmbiosTable.Type17->Vendor = <null string>
0:566  0:000  SmbiosTable.Type17->SerialNumber = <null string>
0:566  0:000  SmbiosTable.Type17->PartNumber = <null string>
0:566  0:000  Type 17 Index = 1
0:566  0:000  SmbiosTable.Type17->Speed = 2400MHz
0:566  0:000  SmbiosTable.Type17->Size = 8192MB
0:566  0:000  SmbiosTable.Type17->Bank/Device = BANK 1 ChannelA-DIMM1
0:566  0:000  SmbiosTable.Type17->Vendor = Kingston
0:566  0:000  SmbiosTable.Type17->SerialNumber = EE028DBD
0:566  0:000  SmbiosTable.Type17->PartNumber = KHX2400C15/8G       
0:566  0:000  Type 17 Index = 2
0:566  0:000  SmbiosTable.Type17->Speed = 2400MHz
0:566  0:000  SmbiosTable.Type17->Size = 8192MB
0:566  0:000  SmbiosTable.Type17->Bank/Device = BANK 2 ChannelB-DIMM0
0:566  0:000  SmbiosTable.Type17->Vendor = Kingston
0:566  0:000  SmbiosTable.Type17->SerialNumber = EA0293BD
0:566  0:000  SmbiosTable.Type17->PartNumber = KHX2400C15/8G       
0:566  0:000  Type 17 Index = 3
0:566  0:000  SmbiosTable.Type17->Speed = 2400MHz
0:566  0:000  SmbiosTable.Type17->Size = 8192MB
0:566  0:000  SmbiosTable.Type17->Bank/Device = BANK 3 ChannelB-DIMM1
0:566  0:000  SmbiosTable.Type17->Vendor = Kingston
0:566  0:000  SmbiosTable.Type17->SerialNumber = EE0281BD
0:566  0:000  SmbiosTable.Type17->PartNumber = KHX2400C15/8G       
0:566  0:000  Boot status=0
0:566  0:000  Running on: 'B360 M AORUS PRO' with board 'B360 M AORUS PRO-CF'
0:566  0:000  === [ GetCPUProperties ] ========================
0:566  0:000  CPU Vendor = 756E6547 Model=906EA
0:566  0:000   The CPU supported SSE4.1
0:566  0:000  BrandString = Intel(R) Core(TM) i7-8700 CPU @ 3.20GHz
0:566  0:000   The CPU supported turbo
0:566  0:000  MSR 0x35               6000C
0:566  0:000   TSC/CCC Information Leaf:
0:566  0:000    numerator     : 266
0:566  0:000    denominator   : 2
0:566  0:000   Calibrated ARTFrequency: 24003316
0:566  0:000   Rounded ARTFrequency: 24000000
0:566  0:000  MSR 0xE2 before patch 1E008000
0:566  0:000  MSR 0xE2 is locked, PM patches will be turned on
0:566  0:000  MSR 0xCE              08080838_F1012000
0:566  0:000  corrected FLEX_RATIO = 0
0:566  0:000  FSBFrequency = 134 MHz, DMI FSBFrequency = 100 MHz, Corrected FSBFrequency = 100 MHz
0:566  0:000  MaxDiv/MinDiv: 32.0/8
0:566  0:000  Turbo: 43/44/45/46
0:566  0:000  Features: 0xBFEBFBFF
0:566  0:000  Threads: 12
0:566  0:000  Cores: 6
0:566  0:000  FSB: 100 MHz
0:566  0:000  CPU: 4257 MHz
0:566  0:000  TSC: 4257 MHz
0:566  0:000  PIS: 100 MHz
0:566  0:000  ExternalClock: 25 MHz
0:566  0:000  === [ GetDevices ] ==============================
0:566  0:000  GOP found at: PciRoot(0x0)/Pci(0x2,0x0)/AcpiAdr(0x80010100)
0:566  0:000  PCI (00|00:00.00) : 8086 3EC2 class=060000
0:566  0:000  PCI (00|00:01.00) : 8086 1901 class=060400
0:566  0:000  PCI (00|01:00.00) : 10DE 1F08 class=030000
0:566  0:000   - GFX: Model=Unknown family 1FF (NVidia unknown)
0:566  0:000  PCI (00|01:00.01) : 10DE 10F9 class=040300
0:566  0:000   - HDMI Audio: 
0:566  0:000  PCI (00|01:00.02) : 10DE 1ADA class=0C0330
0:566  0:000  PCI (00|01:00.03) : 10DE 1ADB class=0C8000
0:566  0:000  PCI (00|00:02.00) : 8086 3E92 class=030000
0:566  0:000   - GOP: Provided by device
0:566  0:000   - GFX: Model=Intel UHD Graphics 630 (Intel)
0:566  0:000  PCI (00|00:12.00) : 8086 A379 class=118000
0:566  0:000  PCI (00|00:14.00) : 8086 A36D class=0C0330
0:566  0:000  PCI (00|00:14.02) : 8086 A36F class=050000
0:566  0:000  PCI (00|00:16.00) : 8086 A360 class=078000
0:566  0:000  PCI (00|00:17.00) : 8086 A352 class=010601
0:566  0:000  PCI (00|00:1B.00) : 8086 A32C class=060400
0:566  0:000  PCI (00|02:00.00) : 15B7 5002 class=010802
0:566  0:000  PCI (00|00:1C.00) : 8086 A33C class=060400
0:566  0:000  PCI (00|03:00.00) : 14E4 43A0 class=028000
0:566  0:000   - WIFI: Vendor=Broadcom
0:566  0:000  PCI (00|00:1D.00) : 8086 A330 class=060400
0:566  0:000  PCI (00|00:1F.00) : 8086 A308 class=060100
0:566  0:000  PCI (00|00:1F.03) : 8086 A348 class=040300
0:567  0:000  PCI (00|00:1F.04) : 8086 A323 class=0C0500
0:567  0:000  PCI (00|00:1F.05) : 8086 A324 class=0C8000
0:567  0:000  PCI (00|00:1F.06) : 8086 15BC class=020000
0:567  0:000   - LAN: 0 Vendor=Intel
0:567  0:000  === [ GetDefaultSettings ] ======================
0:567  0:000  Clover load options size = 0 bytes
0:567  0:000  CheckOEMPathExists tried EFI\CLOVER\OEM\B360 M AORUS PRO--00-00-00-00-00-00. Dir not exists
0:567  0:000  CheckOEMPathExists tried EFI\CLOVER\OEM\B360 M AORUS PRO-CF\UEFI. Dir not exists
0:567  0:000  CheckOEMPathExists tried EFI\CLOVER\OEM\B360 M AORUS PRO. Dir not exists
0:567  0:000  CheckOEMPathExists tried EFI\CLOVER\OEM\B360 M AORUS PRO-4257. Dir not exists
0:567  0:000  CheckOEMPathExists tried EFI\CLOVER\OEM\B360 M AORUS PRO-CF. Dir not exists
0:567  0:000  CheckOEMPathExists tried EFI\CLOVER\OEM\B360 M AORUS PRO-CF-4257. Dir not exists
0:567  0:000  set OEMPath by default: EFI\CLOVER
0:569  0:001  EFI\CLOVER\config.plist loaded: Success
0:569  0:000  === [ GetListOfThemes ] =========================
0:569  0:000  - [00]: Hackintosh_ID
0:570  0:000  === [ Found config plists ] =====================
0:570  0:000  - config„o,.plist
0:570  0:000  - config.plist
0:570  0:000  === [ GetEarlyUserSettings ] ====================
0:570  0:000  timeout set to 5
0:570  0:000  Custom boot CUSTOM_BOOT_DISABLED (0x0)
0:570  0:000  ForceKextsToLoad: 1 requested
0:570  0:000   - [0]: System\Library\Extensions\IONetworkingFamily.kext
0:570  0:000  KextsToPatch: 12 requested
0:570  0:000   - [00]: IOBufferCopyController (disable IOBufferCopyController (Credit by DalianSky)) :: PlistPatch :: data len: 5
0:570  0:000   - [01]: com.apple.driver.usb.AppleUSBXHCIPCI (change 15 port limit to 26 in XHCI kext) :: MatchOS: 10.11.x :: BinPatch :: data len: 7
0:570  0:000   - [02]: com.apple.driver.usb.AppleUSBXHCIPCI (change 15 port limit to 26 in XHCI kext) :: MatchOS: 10.12.x :: BinPatch :: data len: 7
0:570  0:000   - [03]: com.apple.driver.usb.AppleUSBXHCIPCI (change 15 port limit to 26 in XHCI kext) :: MatchOS: 10.13.0,10.13.1,10.13.2,10.13.3 :: BinPatch :: data len: 4
0:570  0:000   - [04]: com.apple.driver.usb.AppleUSBXHCI (disable port limit in XHCI kext (credit PMHeart)) :: MatchOS: 10.13.4,10.13.5 :: BinPatch :: data len: 10
0:570  0:000   - [05]: com.apple.driver.usb.AppleUSBXHCI (disable port limit in XHCI kext (credit RehabMan, based prior PMHeart patch)) :: MatchOS: 10.13.6 :: BinPatch :: data len: 10
0:570  0:000   - [06]: com.apple.iokit.IOUSBHostFamily (USB port limit patch 10.14.x modify by DalianSky(credit ydeng)) :: MatchOS: 10.14.x :: BinPatch :: data len: 4
0:570  0:000   - [07]: com.apple.iokit.IOUSBHostFamily (USB port limit patch 10.14.x modify by DalianSky(credit PMHeart)) :: MatchOS: 10.14.x :: BinPatch :: data len: 4
0:570  0:000   - [08]: com.apple.driver.usb.AppleUSBXHCI (USB Port limit patch 10.14.x modify by DalianSky(credits PMheart)) :: MatchOS: 10.14.x :: BinPatch :: data len: 4
0:570  0:000   - [09]: com.apple.driver.usb.AppleUSBXHCI (USB Port limit patch 10.14.x modify by DalianSky(credits PMheart)) :: MatchOS: 10.14.x :: BinPatch :: data len: 4
0:570  0:000   - [10]: com.apple.iokit.IOUSBHostFamily (USB port limit patch #1 10.14.x modify by penghubingzhou) :: MatchOS: 10.15.x :: BinPatch :: data len: 4
0:570  0:000   - [11]: com.apple.driver.usb.AppleUSBXHCI (USB Port limit patch #2 10.14.x modify by penghubingzhou) :: MatchOS: 10.15.x :: BinPatch :: data len: 4
0:570  0:000  KernelToPatch: 4 requested
0:570  0:000   - [00]: Disable panic kext logging on 10.13 Debug kernel :: MatchOS: 10.13 :: data len: 6
0:570  0:000   - [01]: Disable panic kext logging on 10.13 Release kernel :: MatchOS: 10.13 :: data len: 6
0:570  0:000   - [02]: Disable panic kext logging on 10.14 Release kernel (c) vit9696 :: MatchOS: 10.14.x :: data len: 6
0:570  0:000   - [03]: MSR 0xE2 _xcpm_idle instant reboot(c) Pike R. Alpha :: data len: 8
0:570  0:000  Default theme: Hackintosh_ID
0:570  0:000  Hiding entries with string BOOTX64.EFI
0:570  0:000  Hiding entries with string Windows
0:570  0:000  Hiding entries with string Preboot
0:570  0:000  Hiding entries with string Recovery
0:570  0:000  === [ LoadDrivers ] =============================
0:571  0:000  Loading ApfsDriverLoader.efi  status=Success
0:572  0:000   - driver needs connecting
0:572  0:000  Loading AudioDxe.efi  status=Success
0:573  0:001   - driver needs connecting
0:573  0:000  Loading DataHubDxe.efi  status=Success
0:575  0:001  Loading EmuVariableUefi-64.efi  status=Success
0:576  0:000  EmuVariableUefi Initialize: VariableCommonInitialize = Success, orig services stored, install gEmuVariableControlProtocolGuid = Success
0:576  0:000  Loading FSInject.efi  status=Success
0:577  0:001  Loading HFSPlus.efi  status=Success
0:578  0:000   - driver needs connecting
0:578  0:000  Loading OsxAptioFixDrv.efi  status=Success
0:578  0:000  Loading VirtualSmc.efi  status=Success
0:581  0:002  3 drivers needs connecting ...
0:581  0:000  PlatformDriverOverrideProtocol->GetDriver overriden
0:581  0:000  HFS+ driver loaded
0:581  0:000  APFS driver loaded
0:581  0:000  Searching for invalid DiskIo BY_DRIVER connects: not found, all ok
6:928  6:347  EmuVariable InstallEmulation: orig vars copied, emu.var.services installed, CreateEvent VirtualAddressChange = Success, CreateEvent ExitBootServices = Success, set Status=Success
6:952  0:023  === [ InitScreen ] ==============================
6:952  0:000  Console modes reported: 5, available modes:
6:952  0:000   - [01]: 80x25 (current mode)
6:952  0:000   - [02]: 80x50
6:952  0:000   - [03]: 100x31
6:952  0:000   - [04]: 127x33
6:952  0:000   - [05]: 100x60
6:952  0:000  SetMaxResolution: found best mode 5: 2560x1440
7:342  0:390  Video mode change to mode #5: Success
7:342  0:000   - set
7:342  0:000  SetScreenResolution: 2560x1440 - already set
7:342  0:000  reinit: self device path=PciRoot(0x0)\Pci(0x1B,0x0)\Pci(0x0,0x0)\NVMe(0x1,0E-7B-92-44-8B-44-1B-00)\HD(1,GPT,A398427F-7A8A-4B90-98CB-89CBEC1EA1AE,0x1000,0x96000)
7:342  0:000  new SelfHandle=74482498
7:344  0:001  Using embedded font: Success
7:345  0:000  === [ GetMacAddress ] ===========================
7:345  0:000  MAC address of LAN #0= B4:2E:99:14:63:7E:
7:345  0:000  === [ ScanSPD ] =================================
7:345  0:000  Scanning SMBus [8086:A323], mmio: 0xA7538004, ioport: 0xEFA0, hostc: 0x11
7:364  0:018  Slot: 1 Type 26 8192MB 2400MHz Vendor=Kingston PartNo=KHX2400C158G SerialNo=0E0E0002080D0B0D
7:382  0:018  Slot: 2 Type 26 8192MB 2400MHz Vendor=Kingston PartNo=KHX2400C158G SerialNo=0E0A000209030B0D
7:400  0:018  Slot: 3 Type 26 8192MB 2400MHz Vendor=Kingston PartNo=KHX2400C158G SerialNo=0E0E000208010B0D
7:401  0:000  === [ GetAcpiTablesList ] =======================
7:401  0:000  Get Acpi Tables List from RSDT:
7:401  0:000   - [00]: FACP  A M I len=132
7:401  0:000   - [01]: APIC  A M I len=244
7:401  0:000   - [02]: FPDT  A M I len=68
7:401  0:000   - [03]: FIDT  A M I len=156
7:401  0:000   - [04]: MCFG  A M I len=60
7:401  0:000   - [05]: SSDT  A M I len=516
7:401  0:000   - [06]: SSDT  A M I len=6101
7:401  0:000   - [07]: SSDT  A M I len=33406
7:401  0:000   - [08]: SSDT  A M I len=12743
7:401  0:000   - [09]: SSDT  A M I len=9048
7:401  0:000   - [10]: HPET  A M I len=56
7:401  0:000   - [11]: SSDT  A M I len=7137
7:401  0:000   - [12]: SSDT  A M I len=3998
7:401  0:000   - [13]: SSDT  A M I len=11547
7:401  0:000   - [14]: UEFI  A M I len=66
7:401  0:000   - [15]: LPIT  A M I len=92
7:401  0:000   - [16]: SSDT  A M I len=10206
7:401  0:000   - [17]: SSDT  A M I len=4094
7:401  0:000   - [18]: DBGP  A M I len=52
7:401  0:000   - [19]: DBG2  A M I len=84
7:401  0:000   - [20]: DMAR  A M I len=168
7:401  0:000   - [21]: WSMT  A M I len=40
7:401  0:000  Calibrated TSC Frequency = 3192441160 = 3192MHz
7:401  0:000  === [ GetUserSettings ] =========================
7:401  0:000  USB FixOwnership: yes
7:401  0:000  Dropping 2 tables:
7:401  0:000   - [00]: Drop table  signature="#MCF" (46434D23)
7:401  0:000           - set table: 46434D23,                0 to drop: no
7:401  0:000   - [01]: Drop table  signature="DMAR" (52414D44)
7:401  0:000           - set table: 52414D44,                0 to drop: yes
7:401  0:000   - final DSDT Fix mask=00000000
7:401  0:000  PatchesDSDT: 2 requested
7:401  0:000   - [00]: (Desktop RTC Patch) lenToFind: 8, lenToReplace: 8, Target Bridge: <null string>
7:401  0:000   - [01]: (change EC0 to EC) lenToFind: 4, lenToReplace: 4, Target Bridge: <null string>
7:401  0:000  Using ProductName from config: iMac19,2
7:401  0:000  Using latest BiosVersion from config
7:401  0:000  BiosVersion: IM192.88Z.F000.B00.1902181222
7:401  0:000  BiosReleaseDate: 02/18/2019
7:401  0:000  Using latest EfiVersion from clover: 1037.100.345.0.0
7:401  0:000  Using FirmwareFeatures from config: 0xFC0FE137
7:401  0:000  Using FirmwareFeaturesMask from config: 0xFF1FFF3F
7:401  0:000  Board-ID set from config as Mac-63001698E7A34814
7:401  0:000  BoardType: 0xA
7:401  0:000  ChassisType: 0x9
7:402  0:000  === [ Found DSDT tables ] =======================
7:716  0:313  === [ ScanVolumes ] =============================
7:716  0:000  Found 12 volumes with blockIO
7:716  0:000  - [00]: Volume: PciRoot(0x0)\Pci(0x1B,0x0)\Pci(0x0,0x0)\NVMe(0x1,0E-7B-92-44-8B-44-1B-00)
7:716  0:000  - [01]: Volume: PciRoot(0x0)\Pci(0x1B,0x0)\Pci(0x0,0x0)\NVMe(0x1,0E-7B-92-44-8B-44-1B-00)\HD(1,GPT,A398427F-7A8A-4B90-98CB-89CBEC1EA1AE,0x1000,0x96000)
7:716  0:000          Result of bootcode detection: bootable Windows (vista,win)
7:716  0:000          This is SelfVolume !!
7:716  0:000  - [02]: Volume: PciRoot(0x0)\Pci(0x1B,0x0)\Pci(0x0,0x0)\NVMe(0x1,0E-7B-92-44-8B-44-1B-00)\HD(2,GPT,77D2612C-4C09-4902-8338-5059CE1C9E7F,0x97000,0x12CC34A8)
7:716  0:000          Result of bootcode detection: bootable Windows (vista,win)
7:716  0:000  - [03]: Volume: PciRoot(0x0)\Pci(0x1B,0x0)\Pci(0x0,0x0)\NVMe(0x1,0E-7B-92-44-8B-44-1B-00)\HD(3,GPT,EAA88074-2CDE-4F6C-B05D-C15BF1A6E5C9,0x12D5A4A8,0xE62B358)
7:717  0:000          Result of bootcode detection: bootable Windows (vista,win)
7:717  0:000  - [04]: Volume: PciRoot(0x0)\Pci(0x1B,0x0)\Pci(0x0,0x0)\NVMe(0x1,0E-7B-92-44-8B-44-1B-00)\HD(4,GPT,83A6FE0B-5084-4E86-BED6-CA6B447F8C92,0x21386000,0x19000008)
7:717  0:000          Result of bootcode detection: bootable unknown (legacy)
7:717  0:000  - [05]: Volume: PciRoot(0x0)\Pci(0x17,0x0)\Sata(0x4,0xFFFF,0x0)
7:729  0:012          Result of bootcode detection: bootable unknown (legacy)
7:729  0:000  - [06]: Volume: PciRoot(0x0)\Pci(0x17,0x0)\Sata(0x4,0xFFFF,0x0)\HD(1,MBR,0x0C0A0C0A,0x40,0x74705FC0)
7:730  0:000          Result of bootcode detection: bootable Windows (vista,win)
7:730  0:000  - [07]: Volume: PciRoot(0x0)\Pci(0x1B,0x0)\Pci(0x0,0x0)\NVMe(0x1,0E-7B-92-44-8B-44-1B-00)\HD(4,GPT,83A6FE0B-5084-4E86-BED6-CA6B447F8C92,0x21386000,0x19000008)\VenMedia(BE74FCF7-0B7C-49F3-9147-01F4042E6842,78D09CF050525D45849602B8DA7E8425)
7:730  0:000          hiding this volume
7:730  0:000  - [08]: Volume: PciRoot(0x0)\Pci(0x1B,0x0)\Pci(0x0,0x0)\NVMe(0x1,0E-7B-92-44-8B-44-1B-00)\HD(4,GPT,83A6FE0B-5084-4E86-BED6-CA6B447F8C92,0x21386000,0x19000008)\VenMedia(BE74FCF7-0B7C-49F3-9147-01F4042E6842,8139ECF3373526478C9E6A2A982B16AD)
7:730  0:000  - [09]: Volume: PciRoot(0x0)\Pci(0x1B,0x0)\Pci(0x0,0x0)\NVMe(0x1,0E-7B-92-44-8B-44-1B-00)\HD(4,GPT,83A6FE0B-5084-4E86-BED6-CA6B447F8C92,0x21386000,0x19000008)\VenMedia(BE74FCF7-0B7C-49F3-9147-01F4042E6842,B16F2A41A5F42540AF122C225DE65B1F)
7:730  0:000          hiding this volume
7:730  0:000  - [10]: Volume: PciRoot(0x0)\Pci(0x1B,0x0)\Pci(0x0,0x0)\NVMe(0x1,0E-7B-92-44-8B-44-1B-00)\HD(4,GPT,83A6FE0B-5084-4E86-BED6-CA6B447F8C92,0x21386000,0x19000008)\VenMedia(BE74FCF7-0B7C-49F3-9147-01F4042E6842,5D20122477C9EC42BA106218F6E6E532)
7:730  0:000  - [11]: Volume: PciRoot(0x0)\Pci(0x1B,0x0)\Pci(0x0,0x0)\NVMe(0x1,0E-7B-92-44-8B-44-1B-00)\HD(4,GPT,83A6FE0B-5084-4E86-BED6-CA6B447F8C92,0x21386000,0x19000008)\VenMedia(BE74FCF7-0B7C-49F3-9147-01F4042E6842,560D33CEB675E74AAE88D486FEAB6423)
7:730  0:000  Searching volumes for latest nvram.plist ...
7:730  0:000  loaded Status=Not Found
7:730  0:000  PutNvramPlistToRtVars: nvram.plist not found
7:730  0:000  found 3 handles with audio
7:730  0:000  No AudioIoDevice stored
7:730  0:000  no stored audio parameters
7:730  0:000  Found Audio Device NVIDIA (Unknown) (HDMI) at index 0
7:730  0:000  Found Audio Device NVIDIA (Unknown) (HDMI) at index 1
7:730  0:000  Found Audio Device NVIDIA (Unknown) (HDMI) at index 2
7:730  0:000  Found Audio Device Realtek ALC892 (SPDIF) at index 3
7:730  0:000  Found Audio Device Realtek ALC892 (LineOut) at index 4
7:730  0:000  Found Audio Device Realtek ALC892 (LineOut) at index 5
7:730  0:000  Found Audio Device Realtek ALC892 (LineOut) at index 6
7:730  0:000  Found Audio Device Realtek ALC892 (LineOut) at index 7
7:730  0:000  Found Audio Device Realtek ALC892 (Headphones) at index 8
7:730  0:000  Found Audio Device Intel Kaby Lake HDMI (HDMI) at index 9
7:730  0:000  === [ InitTheme ] ===============================
7:730  0:000  use daylight theme
7:734  0:003  Using theme 'Hackintosh_ID' (EFI\CLOVER\themes\Hackintosh_ID)
7:734  0:000  OS main and drive as badge
7:734  0:000  file sound read: sound.wav Not Found
7:736  0:002  Loading font from ThemeDir: Success
7:737  0:000  theme inited
7:737  0:000  Chosen theme Hackintosh_ID
7:737  0:000  after NVRAM boot-args=kext-dev-mode=1 shikigva=32 shiki-id=Mac-7BA5B2D9E42DDD94
7:737  0:000  === [ Dump SMC keys from NVRAM ] ================
7:737  0:000  found AppleSMC protocol
7:737  0:000  === [ ScanLoader ] ==============================
7:737  0:000  - [01]: 'EFI'
7:738  0:001          AddLoaderEntry for Volume Name=EFI
7:767  0:028          AddLoaderEntry for Volume Name=EFI
7:767  0:000          skipped because entry is hidden
7:767  0:000  - [07]: 'Preboot', hidden
7:767  0:000  - [08]: 'macOS'
7:771  0:004          AddLoaderEntry for Volume Name=macOS
7:773  0:001      Check if volume Is Hibernated:
7:773  0:000      Check sleep image 'by signature':
7:773  0:000      using default sleep image name = \private\var\vm\sleepimage
7:774  0:000      sleepimage not found -> Not Found
7:774  0:000      hibernated: no - sign
7:775  0:000          [!] Icon 18 (icons\vol_internal_apfs.icns) not found (path: EFI\CLOVER\themes\Hackintosh_ID)
7:798  0:023  - [09]: 'Recovery', hidden
7:798  0:000  - [10]: 'VM'
7:820  0:022  - [11]: 'macOS - pn'
7:843  0:022  === [ AddCustomTool ] ===========================
7:845  0:001  EmuVariable InstallEmulation: EFI_ALREADY_STARTED
7:845  0:000  === [ GetEfiBootDeviceFromNvram ] ===============
7:845  0:000  Default boot entry not found
7:845  0:000  EmuVariable UninstallEmulation: CloseEvent = Success, original var services restored
7:845  0:000  DefaultIndex=-1 and MainMenu.Entries.size()=6
7:845  0:000  Use anime=rotary_logo_bluemac frames=4
7:848  0:003   found 4 frames of the anime
7:848  0:000   Anime seems OK, init it
8:007  0:159  GUI ready
36:564  28:557  exit from MainMenu 1
63:294  26:729  EDITED: 
74:841  11:546  EDITED: 
151:060  76:219  ReinitSelfLib after theme change
151:060  0:000  reinit: self device path=PciRoot(0x0)\Pci(0x1B,0x0)\Pci(0x0,0x0)\NVMe(0x1,0E-7B-92-44-8B-44-1B-00)\HD(1,GPT,A398427F-7A8A-4B90-98CB-89CBEC1EA1AE,0x1000,0x96000)
151:060  0:000  new SelfHandle=74482498
151:060  0:000  === [ ScanVolumes ] =============================
151:060  0:000  Found 12 volumes with blockIO
151:060  0:000  - [00]: Volume: PciRoot(0x0)\Pci(0x1B,0x0)\Pci(0x0,0x0)\NVMe(0x1,0E-7B-92-44-8B-44-1B-00)
151:061  0:000  - [01]: Volume: PciRoot(0x0)\Pci(0x1B,0x0)\Pci(0x0,0x0)\NVMe(0x1,0E-7B-92-44-8B-44-1B-00)\HD(1,GPT,A398427F-7A8A-4B90-98CB-89CBEC1EA1AE,0x1000,0x96000)
151:061  0:000          Result of bootcode detection: bootable Windows (vista,win)
151:063  0:001          This is SelfVolume !!
151:063  0:000  - [02]: Volume: PciRoot(0x0)\Pci(0x1B,0x0)\Pci(0x0,0x0)\NVMe(0x1,0E-7B-92-44-8B-44-1B-00)\HD(2,GPT,77D2612C-4C09-4902-8338-5059CE1C9E7F,0x97000,0x12CC34A8)
151:063  0:000          Result of bootcode detection: bootable Windows (vista,win)
151:063  0:000  - [03]: Volume: PciRoot(0x0)\Pci(0x1B,0x0)\Pci(0x0,0x0)\NVMe(0x1,0E-7B-92-44-8B-44-1B-00)\HD(3,GPT,EAA88074-2CDE-4F6C-B05D-C15BF1A6E5C9,0x12D5A4A8,0xE62B358)
151:063  0:000          Result of bootcode detection: bootable Windows (vista,win)
151:063  0:000  - [04]: Volume: PciRoot(0x0)\Pci(0x1B,0x0)\Pci(0x0,0x0)\NVMe(0x1,0E-7B-92-44-8B-44-1B-00)\HD(4,GPT,83A6FE0B-5084-4E86-BED6-CA6B447F8C92,0x21386000,0x19000008)
151:063  0:000          Result of bootcode detection: bootable unknown (legacy)
151:063  0:000  - [05]: Volume: PciRoot(0x0)\Pci(0x17,0x0)\Sata(0x4,0xFFFF,0x0)
151:064  0:000          Result of bootcode detection: bootable unknown (legacy)
151:064  0:000  - [06]: Volume: PciRoot(0x0)\Pci(0x17,0x0)\Sata(0x4,0xFFFF,0x0)\HD(1,MBR,0x0C0A0C0A,0x40,0x74705FC0)
151:064  0:000          Result of bootcode detection: bootable Windows (vista,win)
151:064  0:000  - [07]: Volume: PciRoot(0x0)\Pci(0x1B,0x0)\Pci(0x0,0x0)\NVMe(0x1,0E-7B-92-44-8B-44-1B-00)\HD(4,GPT,83A6FE0B-5084-4E86-BED6-CA6B447F8C92,0x21386000,0x19000008)\VenMedia(BE74FCF7-0B7C-49F3-9147-01F4042E6842,78D09CF050525D45849602B8DA7E8425)
151:064  0:000          hiding this volume
151:064  0:000  - [08]: Volume: PciRoot(0x0)\Pci(0x1B,0x0)\Pci(0x0,0x0)\NVMe(0x1,0E-7B-92-44-8B-44-1B-00)\HD(4,GPT,83A6FE0B-5084-4E86-BED6-CA6B447F8C92,0x21386000,0x19000008)\VenMedia(BE74FCF7-0B7C-49F3-9147-01F4042E6842,8139ECF3373526478C9E6A2A982B16AD)
151:064  0:000  - [09]: Volume: PciRoot(0x0)\Pci(0x1B,0x0)\Pci(0x0,0x0)\NVMe(0x1,0E-7B-92-44-8B-44-1B-00)\HD(4,GPT,83A6FE0B-5084-4E86-BED6-CA6B447F8C92,0x21386000,0x19000008)\VenMedia(BE74FCF7-0B7C-49F3-9147-01F4042E6842,B16F2A41A5F42540AF122C225DE65B1F)
151:065  0:000          hiding this volume
151:065  0:000  - [10]: Volume: PciRoot(0x0)\Pci(0x1B,0x0)\Pci(0x0,0x0)\NVMe(0x1,0E-7B-92-44-8B-44-1B-00)\HD(4,GPT,83A6FE0B-5084-4E86-BED6-CA6B447F8C92,0x21386000,0x19000008)\VenMedia(BE74FCF7-0B7C-49F3-9147-01F4042E6842,5D20122477C9EC42BA106218F6E6E532)
151:065  0:000  - [11]: Volume: PciRoot(0x0)\Pci(0x1B,0x0)\Pci(0x0,0x0)\NVMe(0x1,0E-7B-92-44-8B-44-1B-00)\HD(4,GPT,83A6FE0B-5084-4E86-BED6-CA6B447F8C92,0x21386000,0x19000008)\VenMedia(BE74FCF7-0B7C-49F3-9147-01F4042E6842,560D33CEB675E74AAE88D486FEAB6423)
151:065  0:000  found 3 handles with audio
151:065  0:000  No AudioIoDevice stored
151:065  0:000  no stored audio parameters
151:065  0:000  Found Audio Device NVIDIA (Unknown) (HDMI) at index 0
151:065  0:000  Found Audio Device NVIDIA (Unknown) (HDMI) at index 1
151:065  0:000  Found Audio Device NVIDIA (Unknown) (HDMI) at index 2
151:065  0:000  Found Audio Device Realtek ALC892 (SPDIF) at index 3
151:065  0:000  Found Audio Device Realtek ALC892 (LineOut) at index 4
151:065  0:000  Found Audio Device Realtek ALC892 (LineOut) at index 5
151:065  0:000  Found Audio Device Realtek ALC892 (LineOut) at index 6
151:065  0:000  Found Audio Device Realtek ALC892 (LineOut) at index 7
151:065  0:000  Found Audio Device Realtek ALC892 (Headphones) at index 8
151:065  0:000  Found Audio Device Intel Kaby Lake HDMI (HDMI) at index 9
151:065  0:000  theme inited
151:065  0:000  Chosen theme Hackintosh_ID
151:065  0:000  after NVRAM boot-args=kext-dev-mode=1 shikigva=32 shiki-id=Mac-7BA5B2D9E42DDD94
151:065  0:000  === [ ScanLoader ] ==============================
151:065  0:000  - [01]: 'EFI'
151:066  0:000          AddLoaderEntry for Volume Name=EFI
151:092  0:025          AddLoaderEntry for Volume Name=EFI
151:092  0:000          skipped because entry is hidden
151:092  0:000  - [07]: 'Preboot', hidden
151:092  0:000  - [08]: 'macOS'
151:092  0:000          AddLoaderEntry for Volume Name=macOS
151:093  0:000      Check if volume Is Hibernated:
151:093  0:000      Check sleep image 'by signature':
151:093  0:000      using default sleep image name = \private\var\vm\sleepimage
151:093  0:000      sleepimage not found -> Not Found
151:093  0:000      hibernated: no - sign
151:116  0:023  - [09]: 'Recovery', hidden
151:116  0:000  - [10]: 'VM'
151:138  0:022  - [11]: 'macOS - pn'
151:160  0:021  === [ AddCustomTool ] ===========================
151:160  0:000  EmuVariable InstallEmulation: orig vars copied, emu.var.services installed, CreateEvent VirtualAddressChange = Success, CreateEvent ExitBootServices = Success, set Status=Success
151:183  0:023  === [ GetEfiBootDeviceFromNvram ] ===============
151:183  0:000  Default boot entry not found
151:183  0:000  EmuVariable UninstallEmulation: CloseEvent = Success, original var services restored
151:183  0:000  DefaultIndex=-1 and MainMenu.Entries.size()=6
151:183  0:000  Use anime=rotary_logo_bluemac frames=4
151:187  0:003   found 4 frames of the anime
151:187  0:000   Anime seems OK, init it
152:709  1:522  exit from MainMenu 1
152:709  0:000  ParseBootOption: invalid boot variable
152:709  0:000  BootVariable of the entry is empty
152:709  0:000  === [ StartLoader ] =============================
152:709  0:000  Finally: ExternalClock=25MHz BusSpeed=99764kHz CPUFreq=3192MHz PIS: hw.busfrequency=100000000Hz
152:709  0:000  start loader
152:709  0:000  Loading boot.efi  status=Success
152:826  0:116  GetOSVersion: 10.15.5 (19F101)
152:826  0:000  CSR_CFG: CSR_ALLOW_UNTRUSTED_KEXTS | CSR_ALLOW_UNRESTRICTED_FS | CSR_ALLOW_TASK_FOR_PID | CSR_ALLOW_UNRESTRICTED_DTRACE | CSR_ALLOW_UNRESTRICTED_NVRAM | CSR_ALLOW_UNAPPROVED_KEXTS
152:826  0:000  Filtering KextPatches:
152:826  0:000   - [00]: IOBufferCopyController (disable IOBufferCopyController (Credit by DalianSky)) :: PlistPatch :: [OS: 10.15.5 | MatchOS: All | MatchBuild: All] ==> allowed
152:826  0:000   - [01]: com.apple.driver.usb.AppleUSBXHCIPCI (change 15 port limit to 26 in XHCI kext) :: BinPatch :: [OS: 10.15.5 | MatchOS: 10.11.x | MatchBuild: All] ==> not allowed
152:826  0:000   - [02]: com.apple.driver.usb.AppleUSBXHCIPCI (change 15 port limit to 26 in XHCI kext) :: BinPatch :: [OS: 10.15.5 | MatchOS: 10.12.x | MatchBuild: All] ==> not allowed
152:826  0:000   - [03]: com.apple.driver.usb.AppleUSBXHCIPCI (change 15 port limit to 26 in XHCI kext) :: BinPatch :: [OS: 10.15.5 | MatchOS: 10.13.0,10.13.1,10.13.2,10.13.3 | MatchBuild: All] ==> not allowed
152:826  0:000   - [04]: com.apple.driver.usb.AppleUSBXHCI (disable port limit in XHCI kext (credit PMHeart)) :: BinPatch :: [OS: 10.15.5 | MatchOS: 10.13.4,10.13.5 | MatchBuild: All] ==> not allowed
152:826  0:000   - [05]: com.apple.driver.usb.AppleUSBXHCI (disable port limit in XHCI kext (credit RehabMan, based prior PMHeart patch)) :: BinPatch :: [OS: 10.15.5 | MatchOS: 10.13.6 | MatchBuild: All] ==> not allowed
152:826  0:000   - [06]: com.apple.iokit.IOUSBHostFamily (USB port limit patch 10.14.x modify by DalianSky(credit ydeng)) :: BinPatch :: [OS: 10.15.5 | MatchOS: 10.14.x | MatchBuild: All] ==> not allowed
152:826  0:000   - [07]: com.apple.iokit.IOUSBHostFamily (USB port limit patch 10.14.x modify by DalianSky(credit PMHeart)) :: BinPatch :: [OS: 10.15.5 | MatchOS: 10.14.x | MatchBuild: All] ==> not allowed
152:826  0:000   - [08]: com.apple.driver.usb.AppleUSBXHCI (USB Port limit patch 10.14.x modify by DalianSky(credits PMheart)) :: BinPatch :: [OS: 10.15.5 | MatchOS: 10.14.x | MatchBuild: All] ==> not allowed
152:826  0:000   - [09]: com.apple.driver.usb.AppleUSBXHCI (USB Port limit patch 10.14.x modify by DalianSky(credits PMheart)) :: BinPatch :: [OS: 10.15.5 | MatchOS: 10.14.x | MatchBuild: All] ==> not allowed
152:826  0:000   - [10]: com.apple.iokit.IOUSBHostFamily (USB port limit patch #1 10.14.x modify by penghubingzhou) :: BinPatch :: [OS: 10.15.5 | MatchOS: 10.15.x | MatchBuild: All] ==> allowed
152:826  0:000   - [11]: com.apple.driver.usb.AppleUSBXHCI (USB Port limit patch #2 10.14.x modify by penghubingzhou) :: BinPatch :: [OS: 10.15.5 | MatchOS: 10.15.x | MatchBuild: All] ==> allowed
152:826  0:000  Filtering KernelPatches:
152:826  0:000   - [00]: Disable panic kext logging on 10.13 Debug kernel :: [OS: 10.15.5 | MatchOS: 10.13 | MatchBuild: no] ==> disabled by user
152:826  0:000   - [01]: Disable panic kext logging on 10.13 Release kernel :: [OS: 10.15.5 | MatchOS: 10.13 | MatchBuild: no] ==> disabled by user
152:826  0:000   - [02]: Disable panic kext logging on 10.14 Release kernel (c) vit9696 :: [OS: 10.15.5 | MatchOS: 10.14.x | MatchBuild: no] ==> not allowed by OS
152:826  0:000   - [03]: MSR 0xE2 _xcpm_idle instant reboot(c) Pike R. Alpha :: [OS: 10.15.5 | MatchOS: All | MatchBuild: no] ==> allowed by OS
152:826  0:000  Will not patch boot.efi
152:826  0:000  EmuVariable InstallEmulation: orig vars copied, emu.var.services installed, CreateEvent VirtualAddressChange = Success, CreateEvent ExitBootServices = Success, set Status=Success
152:850  0:023  === [ PatchSmbios ] =============================
152:850  0:000  insert table 9 for dev 0:0
152:850  0:000  insert table 9 for dev 0:1
152:850  0:000  insert table 9 for dev 1F:6
152:850  0:000  insert table 9 for dev 0:0
152:850  0:000  Table 11 present, but rewritten for us
152:852  0:001  Trusting SMBIOS...
152:852  0:000  Channels: 2
152:852  0:000  Interleave: 0 2 1 3 4 6 5 7 8 10 9 11 12 14 13 15 16 18 17 19 20 22 21 23
152:852  0:000  SMBIOS Type 17 Index = 0 => 0 0:
152:852  0:000  BANK 0 DIMM0 EMPTY
152:852  0:000   partNum=KHX2400C15/8G       
152:852  0:000  SMBIOS Type 17 Index = 1 => 2 2:
152:852  0:000  BANK 1 DIMM0 2400MHz 8192MB(Ext:0MB)
152:852  0:000   partNum=KHX2400C15/8G       
152:852  0:000  SMBIOS Type 17 Index = 2 => 1 1:
152:852  0:000  BANK 0 DIMM1 2400MHz 8192MB(Ext:0MB)
152:852  0:000   partNum=KHX2400C15/8G       
152:852  0:000  SMBIOS Type 17 Index = 3 => 3 3:
152:852  0:000  BANK 1 DIMM1 2400MHz 8192MB(Ext:0MB)
152:852  0:000  mTotalSystemMemory = 24576
152:852  0:000  NumberOfMemoryDevices = 4
152:852  0:000  Type20[0]->End = 0xFFFFFF, Type17[2] = 0x4000
152:852  0:000  Type20[1]->End = 0x7FFFFF, Type17[1] = 0x6000
152:852  0:000  Type20[2]->End = 0x17FFFFF, Type17[3] = 0xC000
152:852  0:000  Table 131 is present, CPUType=35
152:852  0:000  Change to: 709
152:852  0:000  === [ PatchACPI ] ===============================
152:852  0:000  Xsdt reallocation done
152:852  0:000  old FADT length=114
152:852  0:000   SignatureFixup: 0xE652CA7 -> 0x0
152:852  0:000  Apply DsdtFixMask=0x00000000
152:852  0:000     drop _DSM mask=0xFFFF
152:852  0:000  === [ FixBiosDsdt ] =============================
152:852  0:000  Patching DSDT:
152:852  0:000   - [Desktop RTC Patch]: pattern A00A9353, bin not found / already patched!
152:853  0:000   - [change EC0 to EC]: pattern 4543305F, bin not found / already patched!
152:853  0:000    0 replacements
152:854  0:000  PreCleanup XSDT: count=22, length=212
152:854  0:000  PreCleanup XSDT, corrected XSDT: count=22, length=212
152:854  0:000  === [ ACPIPatchedAML ] ==========================
152:854  0:000  AutoMerge pass 1
152:854  0:000  Unsorted
152:854  0:000  Inserting SSDT-PLUG.aml from EFI\CLOVER\ACPI\patched: ignore on pass 1
152:854  0:000  Inserting SSDT-RTCfix.aml from EFI\CLOVER\ACPI\patched: ignore on pass 1
152:854  0:000  Inserting SSDT-EC.aml from EFI\CLOVER\ACPI\patched: ignore on pass 1
152:854  0:000  === [ ACPIDropTables ] ==========================
152:854  0:000  Drop tables from XSDT, SIGN=DMAR TableID=A M I Length=168
152:854  0:000   Table[20]: DMAR  A M I  168 dropped
152:854  0:000  Patching SSDT A M I Length=516
152:854  0:000  0. [Desktop RTC Patch]: pattern A00A9353, bin not found / already patched!
152:854  0:000  1. [change EC0 to EC]: pattern 4543305F, bin not found / already patched!
152:854  0:000    0 replacements
152:854  0:000  Patching SSDT A M I Length=6101
152:854  0:000  0. [Desktop RTC Patch]: pattern A00A9353, bin not found / already patched!
152:854  0:000  1. [change EC0 to EC]: pattern 4543305F, bin not found / already patched!
152:854  0:000    0 replacements
152:854  0:000  Found OperationRegion(PNVS, SystemMemory, 701A3000, ...)
152:854  0:000  Patching SSDT A M I Length=33406
152:854  0:000  0. [Desktop RTC Patch]: pattern A00A9353, bin not found / already patched!
152:854  0:000  1. [change EC0 to EC]: pattern 4543305F, bin not found / already patched!
152:854  0:000    0 replacements
152:854  0:000  Found OperationRegion(GGGT, SystemMemory, 79427118, ...)
152:854  0:000  Patching SSDT A M I Length=12743
152:854  0:000  0. [Desktop RTC Patch]: pattern A00A9353, bin not found / already patched!
152:854  0:000  1. [change EC0 to EC]: pattern 4543305F, bin not found / already patched!
152:854  0:000    0 replacements
152:854  0:000  Found OperationRegion(SANV, SystemMemory, 79359D18, ...)
152:854  0:000  Patching SSDT A M I Length=9048
152:854  0:000  0. [Desktop RTC Patch]: pattern A00A9353, bin not found / already patched!
152:854  0:000  1. [change EC0 to EC]: pattern 4543305F, bin not found / already patched!
152:854  0:000    0 replacements
152:854  0:000  Patching SSDT A M I Length=7137
152:854  0:000  0. [Desktop RTC Patch]: pattern A00A9353, bin not found / already patched!
152:854  0:000  1. [change EC0 to EC]: pattern 4543305F, bin not found / already patched!
152:854  0:000    0 replacements
152:854  0:000  Patching SSDT A M I Length=3998
152:854  0:000  0. [Desktop RTC Patch]: pattern A00A9353, bin not found / already patched!
152:854  0:000  1. [change EC0 to EC]: pattern 4543305F, bin not found / already patched!
152:854  0:000    0 replacements
152:854  0:000  Patching SSDT A M I Length=11547
152:854  0:000  0. [Desktop RTC Patch]: pattern A00A9353, bin not found / already patched!
152:854  0:000  1. [change EC0 to EC]: pattern 4543305F, bin not found / already patched!
152:854  0:000    0 replacements
152:854  0:000  Patching SSDT A M I Length=10206
152:854  0:000  0. [Desktop RTC Patch]: pattern A00A9353, bin not found / already patched!
152:854  0:000  1. [change EC0 to EC]: pattern 4543305F, bin not found / already patched!
152:854  0:000    0 replacements
152:854  0:000  Patching SSDT A M I Length=4094
152:854  0:000  0. [Desktop RTC Patch]: pattern A00A9353, bin not found / already patched!
152:854  0:000  1. [change EC0 to EC]: pattern 4543305F, bin not found / already patched!
152:854  0:000    0 replacements
152:854  0:000  === [ ACPIPatchedAML ] ==========================
152:854  0:000  AutoMerge pass 2
152:854  0:000  Unsorted
152:854  0:000  Inserting SSDT-PLUG.aml from EFI\CLOVER\ACPI\patched: size=672 ... Success
152:854  0:000  Inserting SSDT-RTCfix.aml from EFI\CLOVER\ACPI\patched: size=114 ... Success
152:854  0:000  Inserting SSDT-EC.aml from EFI\CLOVER\ACPI\patched: size=125 ... Success
152:854  0:000  ApicCPUNum=1
152:854  0:000  Maximum control=0x20
152:854  0:000  Turbo control=0x2E
152:854  0:000  P-States: min 0x8, max 0x2E
152:855  0:000  SSDT with CPU P-States generated successfully
152:855  0:000  SSDT with CPU C-States generated successfully
152:855  0:000  Cleanup XSDT: count=27, length=252
152:855  0:000  corrected XSDT count=26, length=244
152:855  0:000  === [ RestSetup macOS ] =========================
152:855  0:000  EdidDiscovered size=128
152:855  0:000  --- Discovered EDID Table size:128
152:855  0:000  000  |  00  FF  FF  FF  FF  FF  FF  00  05  E3
152:855  0:000  010  |  01  24  7F  01  00  00  31  1C  01  04
152:855  0:000  020  |  A5  35  1E  78  3A  0E  31  A4  54  4D
152:855  0:000  030  |  9D  26  0F  50  54  BF  EF  00  D1  C0
152:855  0:000  040  |  B3  00  95  00  81  80  81  40  81  C0
152:855  0:000  050  |  01  01  01  01  56  5E  00  A0  A0  A0
152:855  0:000  060  |  29  50  30  20  35  00  0F  28  21  00
152:855  0:000  070  |  00  1E  00  00  00  FF  00  4E  4F  48
152:855  0:000  080  |  49  43  4A  41  30  30  30  33  38  33
152:855  0:000  090  |  00  00  00  FC  00  51  32  34  30  31
152:855  0:000  100  |  57  31  0A  20  20  20  20  20  00  00
152:855  0:000  110  |  00  FD  00  30  4C  1E  72  1E  01  0A
152:855  0:000  120  |  20  20  20  20  20  20  01  8B
152:855  0:000  NVidia GFX injection not set
152:855  0:000  Intel UHD Graphics 630 [8086:3E92] :: PciRoot(0x0)\Pci(0x2,0x0)
152:855  0:000    IntelHDMI: used
152:855  0:000    FakeID Intel GFX = 0x59128086
152:855  0:000    ig-platform-id = 0x59120000
152:855  0:000  Intel GFX revision  = 0x0
152:855  0:000   RCBA disabled; cannot use it
152:855  0:000   setting specified layout-id=5 (0x5)
152:855  0:000  stringlength = 2388
152:855  0:000  CurrentMode: Width=2560 Height=1440
152:855  0:000  Beginning FSInjection
FSInjectionInstall ...
- Our FSI_SIMPLE_FILE_SYSTEM_PROTOCOL installed on handle: 7389AF18
FSInjectionInstall ...
- Our FSI_SIMPLE_FILE_SYSTEM_PROTOCOL installed on handle: 7389AF18
152:856  0:000  Use origin smbios table type 1 guid.
152:858  0:002    Force kext: System\Library\Extensions\IONetworkingFamily.kext
152:866  0:008      Force PlugIn kext: System\Library\Extensions\IONetworkingFamily.kext\Contents\PlugIns\AppleEthernetAquantiaAqtion.kext
152:873  0:006      Force PlugIn kext: System\Library\Extensions\IONetworkingFamily.kext\Contents\PlugIns\AppleBCM5701Ethernet.kext
152:880  0:007      Force PlugIn kext: System\Library\Extensions\IONetworkingFamily.kext\Contents\PlugIns\AppleIntelI210Ethernet.kext
152:885  0:005      Force PlugIn kext: System\Library\Extensions\IONetworkingFamily.kext\Contents\PlugIns\Intel82574L.kext
152:891  0:005      Force PlugIn kext: System\Library\Extensions\IONetworkingFamily.kext\Contents\PlugIns\IOEthernetAVBController.kext
152:894  0:003      Force PlugIn kext: System\Library\Extensions\IONetworkingFamily.kext\Contents\PlugIns\AppleEthernetAquantiaAqtionFirmware.kext
152:899  0:004      Force PlugIn kext: System\Library\Extensions\IONetworkingFamily.kext\Contents\PlugIns\AppleIntel8254XEthernet.kext
152:903  0:004      Force PlugIn kext: System\Library\Extensions\IONetworkingFamily.kext\Contents\PlugIns\AppleVmxnet3Ethernet.kext
152:907  0:004      Force PlugIn kext: System\Library\Extensions\IONetworkingFamily.kext\Contents\PlugIns\mDNSOffloadUserClient.kext
152:910  0:003  Preparing kexts injection for arch=x86_64 from EFI\CLOVER\kexts\Other
152:910  0:000  ->Extra kext: EFI\CLOVER\kexts\Other\HibernationFixup.kext (v.1.3.3)
152:915  0:004  ->Extra kext: EFI\CLOVER\kexts\Other\WhateverGreen.kext (v.1.3.6)
152:920  0:005  ->Extra kext: EFI\CLOVER\kexts\Other\VirtualSMC.kext (v.1.0.8)
152:926  0:005  ->Extra kext: EFI\CLOVER\kexts\Other\USBInjectAll.kext (v.0.7.1)
153:048  0:121  ->Extra kext: EFI\CLOVER\kexts\Other\SMCSuperIO.kext (v.1.0.8)
153:052  0:004  ->Extra kext: EFI\CLOVER\kexts\Other\SMCProcessor.kext (v.1.0.8)
153:057  0:004  ->Extra kext: EFI\CLOVER\kexts\Other\RealtekRTL8111.kext (v.2.3.0d7)
153:061  0:004  ->Extra kext: EFI\CLOVER\kexts\Other\RealtekRTL8100.kext (v.2.0.1)
153:066  0:004  ->Extra kext: EFI\CLOVER\kexts\Other\Lilu.kext (v.1.4.1)
153:071  0:004  ->Extra kext: EFI\CLOVER\kexts\Other\IntelMausi.kext (v.1.0.2)
153:076  0:005  ->Extra kext: EFI\CLOVER\kexts\Other\HEVCEnabler.kext (v.1.0)
153:078  0:002  ->Extra kext: EFI\CLOVER\kexts\Other\AppleALC.kext (v.1.4.2)
153:506  0:427  Preparing kexts injection for arch=x86_64 from EFI\CLOVER\kexts\10
153:506  0:000  Preparing kexts injection for arch=x86_64 from EFI\CLOVER\kexts\10_normal
153:506  0:000  Preparing kexts injection for arch=x86_64 from EFI\CLOVER\kexts\10.15
153:506  0:000  Preparing kexts injection for arch=x86_64 from EFI\CLOVER\kexts\10.15_normal
153:506  0:000  Preparing kexts injection for arch=x86_64 from EFI\CLOVER\kexts\10.15.5
153:506  0:000  Preparing kexts injection for arch=x86_64 from EFI\CLOVER\kexts\10.15.5_normal
153:508  0:001  SetScreenResolution: 2560x1440 - already set
153:508  0:000  Custom boot is disabled
153:508  0:000  Closing log
